<?xml version="1.0" encoding="UTF-8"?>
<!-- Generated by org.testng.reporters.JUnitReportReporter -->
<testsuite skipped="0" hostname="TVT-A-EC-729" name="MavenTestNg.MavenTestNg.Hello1" tests="1" failures="0" timestamp="23 Apr 2020 12:35:39 GMT" time="0.003" errors="0">
  <testcase name="test2" time="0.003" classname="MavenTestNg.MavenTestNg.Hello1"/>
</testsuite> <!-- MavenTestNg.MavenTestNg.Hello1 -->
